<?xml version="1.0" encoding="UTF-8"?>
<testng-results skipped="0" failed="0" ignored="0" total="1" passed="1">
  <reporter-output>
  </reporter-output>
  <suite name="Default suite" duration-ms="36396" started-at="2022-07-03T16:39:06Z" finished-at="2022-07-03T16:39:42Z">
    <groups>
    </groups>
    <test name="Default test" duration-ms="36396" started-at="2022-07-03T16:39:06Z" finished-at="2022-07-03T16:39:42Z">
      <class name="LoginPage.com.DashboardTest">
        <test-method status="PASS" signature="before()[pri:0, instance:LoginPage.com.DashboardTest@59fa1d9b]" name="before" is-config="true" duration-ms="10672" started-at="2022-07-03T16:39:06Z" finished-at="2022-07-03T16:39:16Z">
          <reporter-output>
          </reporter-output>
        </test-method> <!-- before -->
        <test-method status="PASS" signature="test01()[pri:1, instance:LoginPage.com.DashboardTest@59fa1d9b]" name="test01" duration-ms="25690" started-at="2022-07-03T16:39:16Z" finished-at="2022-07-03T16:39:42Z">
          <reporter-output>
          </reporter-output>
        </test-method> <!-- test01 -->
      </class> <!-- LoginPage.com.DashboardTest -->
    </test> <!-- Default test -->
  </suite> <!-- Default suite -->
</testng-results>
